#
# There is insufficient memory for the Java Runtime Environment to continue.
# Native memory allocation (mmap) failed to map 264241152 bytes. Error detail: G1 virtual space
# Possible reasons:
#   The system is out of physical RAM or swap space
#   This process is running with CompressedOops enabled, and the Java Heap may be blocking the growth of the native heap
# Possible solutions:
#   Reduce memory load on the system
#   Increase physical memory or swap space
#   Check if swap backing store is full
#   Decrease Java heap size (-Xmx/-Xms)
#   Decrease number of Java threads
#   Decrease Java thread stack sizes (-Xss)
#   Set larger code cache with -XX:ReservedCodeCacheSize=
#   JVM is running with Zero Based Compressed Oops mode in which the Java heap is
#     placed in the first 32GB address space. The Java Heap base address is the
#     maximum limit for the native heap growth. Please use -XX:HeapBaseMinAddress
#     to set the Java Heap base and to place the Java Heap above 32GB virtual address.
# This output file may be truncated or incomplete.
#
#  Out of Memory Error (os_windows.cpp:3618), pid=9800, tid=1564
#
# JRE version:  (17.0.14+7) (build )
# Java VM: OpenJDK 64-Bit Server VM (17.0.14+7-LTS, mixed mode, sharing, tiered, compressed oops, compressed class ptrs, g1 gc, windows-amd64)
# No core dump will be written. Minidumps are not enabled by default on client versions of Windows
#

---------------  S U M M A R Y ------------

Command Line: -javaagent:C:\Program Files\JetBrains\IntelliJ IDEA Community Edition 2024.3.1.1\lib\idea_rt.jar=55062:C:\Program Files\JetBrains\IntelliJ IDEA Community Edition 2024.3.1.1\bin -Dfile.encoding=UTF-8 _16_OOP._14_Passport.MainPassport

Host: 12th Gen Intel(R) Core(TM) i5-1235U, 12 cores, 15G,  Windows 11 , 64 bit Build 26100 (10.0.26100.3912)
Time: Thu May 29 00:12:41 2025  Windows 11 , 64 bit Build 26100 (10.0.26100.3912) elapsed time: 1.019136 seconds (0d 0h 0m 1s)

---------------  T H R E A D  ---------------

Current thread (0x000002032ecb4a40):  JavaThread "Unknown thread" [_thread_in_vm, id=1564, stack(0x000000d175000000,0x000000d175100000)]

Stack: [0x000000d175000000,0x000000d175100000]
Native frames: (J=compiled Java code, j=interpreted, Vv=VM code, C=native code)
V  [jvm.dll+0x681069]
V  [jvm.dll+0x838cca]
V  [jvm.dll+0x83a78e]
V  [jvm.dll+0x83adf3]
V  [jvm.dll+0x24826f]
V  [jvm.dll+0x67dd99]
V  [jvm.dll+0x67286a]
V  [jvm.dll+0x30826b]
V  [jvm.dll+0x30f756]
V  [jvm.dll+0x35face]
V  [jvm.dll+0x35fd0f]
V  [jvm.dll+0x2df21c]
V  [jvm.dll+0x2e0174]
V  [jvm.dll+0x80a48b]
V  [jvm.dll+0x36d841]
V  [jvm.dll+0x7e8db5]
V  [jvm.dll+0x3f154f]
V  [jvm.dll+0x3f30c1]
C  [jli.dll+0x52ab]
C  [ucrtbase.dll+0x37b0]
C  [KERNEL32.DLL+0x2e8d7]
C  [ntdll.dll+0x9c5dc]


---------------  P R O C E S S  ---------------

Threads class SMR info:
_java_thread_list=0x00007ffbf7698f18, length=0, elements={
}

Java Threads: ( => current thread )

Other Threads:
  0x000002032ed21e10 GCTaskThread "GC Thread#0" [stack: 0x000000d175100000,0x000000d175200000] [id=16988]
  0x000002032ed327b0 ConcurrentGCThread "G1 Main Marker" [stack: 0x000000d175200000,0x000000d175300000] [id=15124]
  0x000002032ed33ea0 ConcurrentGCThread "G1 Conc#0" [stack: 0x000000d175300000,0x000000d175400000] [id=21272]

[error occurred during error reporting (printing all threads), id 0xc0000005, EXCEPTION_ACCESS_VIOLATION (0xc0000005) at pc=0x00007ffbf6e4f957]

VM state: not at safepoint (not fully initialized)

VM Mutex/Monitor currently owned by a thread:  ([mutex/lock_event])
[0x000002032ecae5a0] Heap_lock - owner thread: 0x000002032ecb4a40

Heap address: 0x0000000705a00000, size: 4006 MB, Compressed Oops mode: Zero based, Oop shift amount: 3

CDS archive(s) mapped at: [0x0000000000000000-0x0000000000000000-0x0000000000000000), size 0, SharedBaseAddress: 0x0000000800000000, ArchiveRelocationMode: 1.
Narrow klass base: 0x0000000000000000, Narrow klass shift: 0, Narrow klass range: 0x0

GC Precious Log:
<Empty>

Heap:
 garbage-first heap   total 0K, used 0K [0x0000000705a00000, 0x0000000800000000)
  region size 2048K, 0 young (0K), 0 survivors (0K)

[error occurred during error reporting (printing heap information), id 0xc0000005, EXCEPTION_ACCESS_VIOLATION (0xc0000005) at pc=0x00007ffbf723a2b9]

GC Heap History (0 events):
No events

Dll operation events (1 events):
Event: 0.006 Loaded shared library C:\Users\PC-User\.jdks\corretto-17.0.14\bin\java.dll

Deoptimization events (0 events):
No events

Classes loaded (0 events):
No events

Classes unloaded (0 events):
No events

Classes redefined (0 events):
No events

Internal exceptions (0 events):
No events

VM Operations (0 events):
No events

Memory protections (0 events):
No events

Nmethod flushes (0 events):
No events

Events (0 events):
No events


Dynamic libraries:
0x00007ff77e550000 - 0x00007ff77e55e000 	C:\Users\PC-User\.jdks\corretto-17.0.14\bin\java.exe
0x00007ffc1aec0000 - 0x00007ffc1b126000 	C:\WINDOWS\SYSTEM32\ntdll.dll
0x00007ffc19000000 - 0x00007ffc190c9000 	C:\WINDOWS\System32\KERNEL32.DLL
0x00007ffc18500000 - 0x00007ffc188cc000 	C:\WINDOWS\System32\KERNELBASE.dll
0x00007ffc18050000 - 0x00007ffc1819b000 	C:\WINDOWS\System32\ucrtbase.dll
0x00007ffc06dd0000 - 0x00007ffc06de7000 	C:\Users\PC-User\.jdks\corretto-17.0.14\bin\jli.dll
0x00007ffbfc270000 - 0x00007ffbfc28b000 	C:\Users\PC-User\.jdks\corretto-17.0.14\bin\VCRUNTIME140.dll
0x00007ffc1a620000 - 0x00007ffc1a7ea000 	C:\WINDOWS\System32\USER32.dll
0x00007ffbf23e0000 - 0x00007ffbf267a000 	C:\WINDOWS\WinSxS\amd64_microsoft.windows.common-controls_6595b64144ccf1df_6.0.26100.3912_none_3e07963ce335137e\COMCTL32.dll
0x00007ffc18ba0000 - 0x00007ffc18bc7000 	C:\WINDOWS\System32\win32u.dll
0x00007ffc1a840000 - 0x00007ffc1a86b000 	C:\WINDOWS\System32\GDI32.dll
0x00007ffc196c0000 - 0x00007ffc19769000 	C:\WINDOWS\System32\msvcrt.dll
0x00007ffc183c0000 - 0x00007ffc184f2000 	C:\WINDOWS\System32\gdi32full.dll
0x00007ffc18bd0000 - 0x00007ffc18c73000 	C:\WINDOWS\System32\msvcp_win.dll
0x00007ffc19920000 - 0x00007ffc19950000 	C:\WINDOWS\System32\IMM32.DLL
0x00007ffc12080000 - 0x00007ffc1208c000 	C:\Users\PC-User\.jdks\corretto-17.0.14\bin\vcruntime140_1.dll
0x00007ffbf77d0000 - 0x00007ffbf785d000 	C:\Users\PC-User\.jdks\corretto-17.0.14\bin\msvcp140.dll
0x00007ffbf6b60000 - 0x00007ffbf77cc000 	C:\Users\PC-User\.jdks\corretto-17.0.14\bin\server\jvm.dll
0x00007ffc18ec0000 - 0x00007ffc18f72000 	C:\WINDOWS\System32\ADVAPI32.dll
0x00007ffc19160000 - 0x00007ffc19206000 	C:\WINDOWS\System32\sechost.dll
0x00007ffc195a0000 - 0x00007ffc196b6000 	C:\WINDOWS\System32\RPCRT4.dll
0x00007ffc18e40000 - 0x00007ffc18eb4000 	C:\WINDOWS\System32\WS2_32.dll
0x00007ffc16c40000 - 0x00007ffc16c9e000 	C:\WINDOWS\SYSTEM32\POWRPROF.dll
0x00007ffc14c20000 - 0x00007ffc14c56000 	C:\WINDOWS\SYSTEM32\WINMM.dll
0x00007ffc0f700000 - 0x00007ffc0f70b000 	C:\WINDOWS\SYSTEM32\VERSION.dll
0x00007ffc16c20000 - 0x00007ffc16c34000 	C:\WINDOWS\SYSTEM32\UMPDC.dll
0x00007ffc16e90000 - 0x00007ffc16eaa000 	C:\WINDOWS\SYSTEM32\kernel.appcore.dll
0x00007ffbf6b50000 - 0x00007ffbf6b5a000 	C:\Users\PC-User\.jdks\corretto-17.0.14\bin\jimage.dll
0x00007ffc15860000 - 0x00007ffc15aa1000 	C:\WINDOWS\SYSTEM32\DBGHELP.DLL
0x00007ffc19210000 - 0x00007ffc19594000 	C:\WINDOWS\System32\combase.dll
0x00007ffc19c50000 - 0x00007ffc19d30000 	C:\WINDOWS\System32\OLEAUT32.dll
0x00007ffbf14a0000 - 0x00007ffbf14d9000 	C:\WINDOWS\SYSTEM32\dbgcore.DLL
0x00007ffc181a0000 - 0x00007ffc18239000 	C:\WINDOWS\System32\bcryptPrimitives.dll
0x00007ffbf6b40000 - 0x00007ffbf6b4e000 	C:\Users\PC-User\.jdks\corretto-17.0.14\bin\instrument.dll
0x00007ffbf6b00000 - 0x00007ffbf6b25000 	C:\Users\PC-User\.jdks\corretto-17.0.14\bin\java.dll

dbghelp: loaded successfully - version: 4.0.5 - missing functions: none
symbol engine: initialized successfully - sym options: 0x614 - pdb path: .;C:\Users\PC-User\.jdks\corretto-17.0.14\bin;C:\WINDOWS\SYSTEM32;C:\WINDOWS\WinSxS\amd64_microsoft.windows.common-controls_6595b64144ccf1df_6.0.26100.3912_none_3e07963ce335137e;C:\Users\PC-User\.jdks\corretto-17.0.14\bin\server

VM Arguments:
jvm_args: -javaagent:C:\Program Files\JetBrains\IntelliJ IDEA Community Edition 2024.3.1.1\lib\idea_rt.jar=55062:C:\Program Files\JetBrains\IntelliJ IDEA Community Edition 2024.3.1.1\bin -Dfile.encoding=UTF-8 
java_command: _16_OOP._14_Passport.MainPassport
java_class_path (initial): C:\Spring2025\Spring2025\out\production\Spring2025
Launcher Type: SUN_STANDARD

[Global flags]
     intx CICompilerCount                          = 4                                         {product} {ergonomic}
     uint ConcGCThreads                            = 3                                         {product} {ergonomic}
     uint G1ConcRefinementThreads                  = 10                                        {product} {ergonomic}
   size_t G1HeapRegionSize                         = 2097152                                   {product} {ergonomic}
    uintx GCDrainStackTargetSize                   = 64                                        {product} {ergonomic}
   size_t InitialHeapSize                          = 264241152                                 {product} {ergonomic}
   size_t MarkStackSize                            = 4194304                                   {product} {ergonomic}
   size_t MaxHeapSize                              = 4200595456                                {product} {ergonomic}
   size_t MinHeapDeltaBytes                        = 2097152                                   {product} {ergonomic}
   size_t MinHeapSize                              = 8388608                                   {product} {ergonomic}
    uintx NonNMethodCodeHeapSize                   = 5839372                                {pd product} {ergonomic}
    uintx NonProfiledCodeHeapSize                  = 122909434                              {pd product} {ergonomic}
    uintx ProfiledCodeHeapSize                     = 122909434                              {pd product} {ergonomic}
    uintx ReservedCodeCacheSize                    = 251658240                              {pd product} {ergonomic}
     bool SegmentedCodeCache                       = true                                      {product} {ergonomic}
   size_t SoftMaxHeapSize                          = 4200595456                             {manageable} {ergonomic}
     bool UseCompressedClassPointers               = true                           {product lp64_product} {ergonomic}
     bool UseCompressedOops                        = true                           {product lp64_product} {ergonomic}
     bool UseG1GC                                  = true                                      {product} {ergonomic}
     bool UseLargePagesIndividualAllocation        = false                                  {pd product} {ergonomic}

Logging:
Log output configuration:
 #0: stdout all=warning uptime,level,tags
 #1: stderr all=off uptime,level,tags

Environment Variables:
PATH=C:\Program Files\Common Files\Oracle\Java\javapath;C:\WINDOWS\system32;C:\WINDOWS;C:\WINDOWS\System32\Wbem;C:\WINDOWS\System32\WindowsPowerShell\v1.0\;C:\WINDOWS\System32\OpenSSH\;C:\Program Files (x86)\NVIDIA Corporation\PhysX\Common;C:\Program Files\Git\cmd;C:\Users\PC-User\AppData\Local\Microsoft\WindowsApps;
USERNAME=PC-User
OS=Windows_NT
PROCESSOR_IDENTIFIER=Intel64 Family 6 Model 154 Stepping 4, GenuineIntel
TMP=C:\Users\PC-User\AppData\Local\Temp
TEMP=C:\Users\PC-User\AppData\Local\Temp



Periodic native trim disabled


---------------  S Y S T E M  ---------------

OS:
 Windows 11 , 64 bit Build 26100 (10.0.26100.3912)
OS uptime: 0 days 23:58 hours
Hyper-V role detected

CPU: total 12 (initial active 12) (6 cores per cpu, 2 threads per core) family 6 model 154 stepping 4 microcode 0x436, cx8, cmov, fxsr, ht, mmx, 3dnowpref, sse, sse2, sse3, ssse3, sse4.1, sse4.2, popcnt, lzcnt, tsc, tscinvbit, avx, avx2, aes, erms, clmul, bmi1, bmi2, adx, sha, fma, vzeroupper, clflush, clflushopt, clwb, hv
Processor Information for all 12 processors :
  Max Mhz: 1300, Current Mhz: 1300, Mhz Limit: 1300

Memory: 4k page, system-wide physical 16016M (2682M free)
TotalPageFile size 33726M (AvailPageFile size 172M)
current process WorkingSet (physical memory assigned to process): 12M, peak: 12M
current process commit charge ("private bytes"): 64M, peak: 316M

vm_info: OpenJDK 64-Bit Server VM (17.0.14+7-LTS) for windows-amd64 JRE (17.0.14+7-LTS), built on Jan  7 2025 20:14:24 by "Administrator" with MS VC++ 16.10 / 16.11 (VS2019)

END.
